[2025-09-29 11:30:56] ERROR: Unable to load template 'file:Header.tplUsers' in 'modules/Vtiger/Header.tpl' => /home/bmankowski/projects/FreeYeti/vendor/smarty/smarty/libs/sysplugins/smarty_internal_template.php:186
[2025-09-29 11:34:01] ERROR: Unable to load template 'file:Header.tplUsers' XX  in 'modules/Vtiger/Header.tpl' => /home/bmankowski/projects/FreeYeti/vendor/smarty/smarty/libs/sysplugins/smarty_internal_template.php:186
[2025-09-29 11:35:26] ERROR: Unable Header.tplUsers to load template 'file:Header.tplUsers' in 'modules/Vtiger/Header.tpl' => /home/bmankowski/projects/FreeYeti/vendor/smarty/smarty/libs/sysplugins/smarty_internal_template.php:186
[2025-09-29 11:36:47] ERROR: undefined extension class 'Smarty_Internal_Runtime_CheckPlugins' => /home/bmankowski/projects/FreeYeti/vendor/smarty/smarty/libs/sysplugins/smarty_internal_undefined.php:62
[2025-09-29 11:36:56] ERROR: Unable to load template 'file:Header.tplUsers' in 'modules/Vtiger/Header.tpl' => /home/bmankowski/projects/FreeYeti/vendor/smarty/smarty/libs/sysplugins/smarty_internal_template.php:186
[2025-09-29 11:38:08] ERROR: Unable to load template 'file:Header.tplUsers' in 'modules/Vtiger/Header.tpl' => /home/bmankowski/projects/FreeYeti/vendor/smarty/smarty/libs/sysplugins/smarty_internal_template.php:186
[2025-09-29 11:38:33] ERROR: undefined extension class 'Smarty_Internal_Runtime_CheckPlugins' => /home/bmankowski/projects/FreeYeti/vendor/smarty/smarty/libs/sysplugins/smarty_internal_undefined.php:62
[2025-09-29 11:38:56] ERROR: undefined extension class 'Smarty_Internal_Runtime_CheckPlugins' => /home/bmankowski/projects/FreeYeti/vendor/smarty/smarty/libs/sysplugins/smarty_internal_undefined.php:62
[2025-09-29 11:39:38] ERROR: Unable to load template 'file:Header.tplUsers' in 'modules/Vtiger/Header.tpl' => /home/bmankowski/projects/FreeYeti/vendor/smarty/smarty/libs/sysplugins/smarty_internal_template.php:186
[2025-09-29 11:41:33] ERROR: undefined extension class 'Smarty_Internal_Runtime_CheckPlugins' => /home/bmankowski/projects/FreeYeti/vendor/smarty/smarty/libs/sysplugins/smarty_internal_undefined.php:62
[2025-09-29 11:41:50] ERROR: undefined extension class 'Smarty_Internal_Runtime_CheckPlugins' => /home/bmankowski/projects/FreeYeti/vendor/smarty/smarty/libs/sysplugins/smarty_internal_undefined.php:62
[2025-09-29 11:45:46] ERROR: undefined extension class 'Smarty_Internal_Runtime_CheckPlugins' => /home/bmankowski/projects/FreeYeti/vendor/smarty/smarty/libs/sysplugins/smarty_internal_undefined.php:62
[2025-09-29 11:46:38] ERROR: undefined extension class 'Smarty_Internal_Runtime_CheckPlugins' => /home/bmankowski/projects/FreeYeti/vendor/smarty/smarty/libs/sysplugins/smarty_internal_undefined.php:62
[2025-09-29 11:47:39] ERROR: undefined extension class 'Smarty_Internal_Runtime_CheckPlugins' => /home/bmankowski/projects/FreeYeti/vendor/smarty/smarty/libs/sysplugins/smarty_internal_undefined.php:62
[2025-09-29 11:48:32] ERROR: undefined extension class 'Smarty_Internal_Runtime_CheckPlugins' => /home/bmankowski/projects/FreeYeti/vendor/smarty/smarty/libs/sysplugins/smarty_internal_undefined.php:62
[2025-09-29 12:04:24] ERROR: undefined extension class 'Smarty_Internal_Runtime_CheckPlugins' => /home/bmankowski/projects/FreeYeti/vendor/smarty/smarty/libs/sysplugins/smarty_internal_undefined.php:62
[2025-09-29 12:05:05] ERROR: undefined extension class 'Smarty_Internal_Runtime_CheckPlugins' => /home/bmankowski/projects/FreeYeti/vendor/smarty/smarty/libs/sysplugins/smarty_internal_undefined.php:62
[2025-09-29 12:07:43] ERROR: undefined extension class 'Smarty_Internal_Runtime_CheckPlugins' => /home/bmankowski/projects/FreeYeti/vendor/smarty/smarty/libs/sysplugins/smarty_internal_undefined.php:62
[2025-09-29 12:08:46] ERROR: undefined extension class 'Smarty_Internal_Runtime_CheckPlugins' => /home/bmankowski/projects/FreeYeti/vendor/smarty/smarty/libs/sysplugins/smarty_internal_undefined.php:62
[2025-09-29 12:12:37] ERROR: Unable to load template 'file:Header.tplUsers' in 'modules/Vtiger/Header.tpl' => /home/bmankowski/projects/FreeYeti/vendor/smarty/smarty/libs/sysplugins/smarty_internal_template.php:196
[2025-09-29 12:12:49] ERROR: Unable to load template 'file:Header.tplUsers' in 'modules/Vtiger/Header.tpl' => /home/bmankowski/projects/FreeYeti/vendor/smarty/smarty/libs/sysplugins/smarty_internal_template.php:196
[2025-09-29 12:15:09] ERROR: Unable to load template 'file:Header.tplUsers' in 'modules/Vtiger/Header.tpl' => /home/bmankowski/projects/FreeYeti/vendor/smarty/smarty/libs/sysplugins/smarty_internal_template.php:196
[2025-09-29 12:15:26] ERROR: Unable to load template 'file:Header.tplUsers' in 'modules/Vtiger/Header.tpl' => /home/bmankowski/projects/FreeYeti/vendor/smarty/smarty/libs/sysplugins/smarty_internal_template.php:196
[2025-09-29 12:15:42] ERROR: Unable to load template 'file:Header.tplUsers' in 'modules/Vtiger/Header.tpl' => /home/bmankowski/projects/FreeYeti/vendor/smarty/smarty/libs/sysplugins/smarty_internal_template.php:196
[2025-09-29 12:16:52] ERROR: Unable to load template 'file:Body.tpl' in 'modules/Vtiger/Header.tpl' => /home/bmankowski/projects/FreeYeti/vendor/smarty/smarty/libs/sysplugins/smarty_internal_template.php:196
[2025-09-29 12:17:16] ERROR: Unable to load template 'file:Body.tpl' in 'modules/Vtiger/Header.tpl' => /home/bmankowski/projects/FreeYeti/vendor/smarty/smarty/libs/sysplugins/smarty_internal_template.php:196
[2025-09-29 12:18:46] ERROR: Unable to load template 'file:Body.tpl' in 'modules/Vtiger/Header.tpl' => /home/bmankowski/projects/FreeYeti/vendor/smarty/smarty/libs/sysplugins/smarty_internal_template.php:196
[2025-09-29 12:19:55] ERROR: Unable to load template 'file:Header.tplUsers' in 'modules/Vtiger/Header.tpl' => /home/bmankowski/projects/FreeYeti/vendor/smarty/smarty/libs/sysplugins/smarty_internal_template.php:196
[2025-09-29 12:22:01] WARNING: cannot translate this: '2: session_start(): open(/home/bmankowski/projects/FreeYeti/cache/session/sess_4e41b3c268d58d2485be0, O_RDWR) failed: No such file or directory (2) in /home/bmankowski/projects/FreeYeti/libraries/HTTP_Session/Session.php, line 160' for module 'Vtiger' (or base or Vtiger), lang: en_us
[2025-09-29 12:22:01] WARNING: cannot translate this: '2: session_start(): open(/home/bmankowski/projects/FreeYeti/cache/session/sess_4e41b3c268d58d2485be0, O_RDWR) failed: No such file or directory (2) in /home/bmankowski/projects/FreeYeti/libraries/HTTP_Session/Session.php, line 160' for module 'Vtiger' (or base or Vtiger), lang: pl_pl
[2025-09-29 12:23:08] WARNING: cannot translate this: '2: session_start(): open(/home/bmankowski/projects/FreeYeti/cache/session/sess_4e41b3c268d58d2485be0, O_RDWR) failed: No such file or directory (2) in /home/bmankowski/projects/FreeYeti/libraries/HTTP_Session/Session.php, line 160' for module 'Vtiger' (or base or Vtiger), lang: en_us
[2025-09-29 12:23:08] WARNING: cannot translate this: '2: session_start(): open(/home/bmankowski/projects/FreeYeti/cache/session/sess_4e41b3c268d58d2485be0, O_RDWR) failed: No such file or directory (2) in /home/bmankowski/projects/FreeYeti/libraries/HTTP_Session/Session.php, line 160' for module 'Vtiger' (or base or Vtiger), lang: pl_pl
[2025-09-29 12:23:34] WARNING: cannot translate this: '2: session_start(): open(/home/bmankowski/projects/FreeYeti/cache/session/sess_4e41b3c268d58d2485be0, O_RDWR) failed: No such file or directory (2) in /home/bmankowski/projects/FreeYeti/libraries/HTTP_Session/Session.php, line 160' for module 'Vtiger' (or base or Vtiger), lang: en_us
[2025-09-29 12:23:34] WARNING: cannot translate this: '2: session_start(): open(/home/bmankowski/projects/FreeYeti/cache/session/sess_4e41b3c268d58d2485be0, O_RDWR) failed: No such file or directory (2) in /home/bmankowski/projects/FreeYeti/libraries/HTTP_Session/Session.php, line 160' for module 'Vtiger' (or base or Vtiger), lang: pl_pl
[2025-09-29 12:24:20] WARNING: cannot translate this: '2: session_start(): open(/home/bmankowski/projects/FreeYeti/cache/session/sess_4e41b3c268d58d2485be0, O_RDWR) failed: Permission denied (13) in /home/bmankowski/projects/FreeYeti/libraries/HTTP_Session/Session.php, line 160' for module 'Vtiger' (or base or Vtiger), lang: en_us
[2025-09-29 12:24:20] WARNING: cannot translate this: '2: session_start(): open(/home/bmankowski/projects/FreeYeti/cache/session/sess_4e41b3c268d58d2485be0, O_RDWR) failed: Permission denied (13) in /home/bmankowski/projects/FreeYeti/libraries/HTTP_Session/Session.php, line 160' for module 'Vtiger' (or base or Vtiger), lang: pl_pl
[2025-09-29 12:24:32] WARNING: cannot translate this: '2: session_start(): open(/home/bmankowski/projects/FreeYeti/cache/session/sess_4e41b3c268d58d2485be0, O_RDWR) failed: Permission denied (13) in /home/bmankowski/projects/FreeYeti/libraries/HTTP_Session/Session.php, line 160' for module 'Vtiger' (or base or Vtiger), lang: en_us
[2025-09-29 12:24:32] WARNING: cannot translate this: '2: session_start(): open(/home/bmankowski/projects/FreeYeti/cache/session/sess_4e41b3c268d58d2485be0, O_RDWR) failed: Permission denied (13) in /home/bmankowski/projects/FreeYeti/libraries/HTTP_Session/Session.php, line 160' for module 'Vtiger' (or base or Vtiger), lang: pl_pl
[2025-09-29 12:25:09] WARNING: cannot translate this: '2: file_put_contents(/home/bmankowski/projects/FreeYeti/include/runtime/../../cache/logs/viewer-debug.log): Failed to open stream: No such file or directory in /home/bmankowski/projects/FreeYeti/include/runtime/Viewer.php, line 36' for module 'Vtiger' (or base or Vtiger), lang: en_us
[2025-09-29 12:25:09] WARNING: cannot translate this: '2: file_put_contents(/home/bmankowski/projects/FreeYeti/include/runtime/../../cache/logs/viewer-debug.log): Failed to open stream: No such file or directory in /home/bmankowski/projects/FreeYeti/include/runtime/Viewer.php, line 36' for module 'Vtiger' (or base or Vtiger), lang: pl_pl
[2025-09-29 12:28:12] ERROR: Unable to load template 'file:Header.tplUsers' in 'modules/Vtiger/Header.tpl' => /home/bmankowski/projects/FreeYeti/vendor/smarty/smarty/libs/sysplugins/smarty_internal_template.php:196
[2025-09-29 12:29:34] ERROR: Unable to load template 'file:Header.tplUsers' in 'modules/Vtiger/Header.tpl' => /home/bmankowski/projects/FreeYeti/vendor/smarty/smarty/libs/sysplugins/smarty_internal_template.php:196
[2025-09-29 12:29:47] ERROR: Unable to load template 'file:Header.tplUsers' in 'modules/Vtiger/Header.tpl' => /home/bmankowski/projects/FreeYeti/vendor/smarty/smarty/libs/sysplugins/smarty_internal_template.php:196
[2025-09-29 12:29:48] ERROR: Unable to load template 'file:Header.tplUsers' in 'modules/Vtiger/Header.tpl' => /home/bmankowski/projects/FreeYeti/vendor/smarty/smarty/libs/sysplugins/smarty_internal_template.php:196
[2025-09-29 12:30:25] ERROR: Unable to load template 'file:Header.tplUsers' in 'modules/Vtiger/Header.tpl' => /home/bmankowski/projects/FreeYeti/vendor/smarty/smarty/libs/sysplugins/smarty_internal_template.php:196
[2025-09-29 12:30:43] ERROR: Unable to load template 'file:Header.tplUsers' in 'modules/Vtiger/Header.tpl' => /home/bmankowski/projects/FreeYeti/vendor/smarty/smarty/libs/sysplugins/smarty_internal_template.php:196
[2025-09-29 12:30:52] ERROR: Unable to load template 'file:Header.tplUsers' in 'modules/Vtiger/Header.tpl' => /home/bmankowski/projects/FreeYeti/vendor/smarty/smarty/libs/sysplugins/smarty_internal_template.php:196
[2025-09-29 12:31:17] ERROR: Unable to load template 'file:Header.tplUsers' in 'modules/Vtiger/Header.tpl' => /home/bmankowski/projects/FreeYeti/vendor/smarty/smarty/libs/sysplugins/smarty_internal_template.php:196
[2025-09-29 12:37:13] WARNING: cannot translate this: '16384: Using unregistered function "vtemplate_path" in a template is deprecated and will be removed in a future release. Use Smarty::registerPlugin to explicitly register a custom modifier. in /home/bmankowski/projects/FreeYeti/vendor/smarty/smarty/libs/sysplugins/smarty_internal_templatecompilerbase.php, line 664' for module 'Vtiger' (or base or Vtiger), lang: en_us
[2025-09-29 12:37:13] WARNING: cannot translate this: '16384: Using unregistered function "vtemplate_path" in a template is deprecated and will be removed in a future release. Use Smarty::registerPlugin to explicitly register a custom modifier. in /home/bmankowski/projects/FreeYeti/vendor/smarty/smarty/libs/sysplugins/smarty_internal_templatecompilerbase.php, line 664' for module 'Vtiger' (or base or Vtiger), lang: pl_pl
[2025-09-29 12:37:30] WARNING: cannot translate this: '16384: Using unregistered function "vtemplate_path" in a template is deprecated and will be removed in a future release. Use Smarty::registerPlugin to explicitly register a custom modifier. in /home/bmankowski/projects/FreeYeti/vendor/smarty/smarty/libs/sysplugins/smarty_internal_templatecompilerbase.php, line 664' for module 'Vtiger' (or base or Vtiger), lang: en_us
[2025-09-29 12:37:30] WARNING: cannot translate this: '16384: Using unregistered function "vtemplate_path" in a template is deprecated and will be removed in a future release. Use Smarty::registerPlugin to explicitly register a custom modifier. in /home/bmankowski/projects/FreeYeti/vendor/smarty/smarty/libs/sysplugins/smarty_internal_templatecompilerbase.php, line 664' for module 'Vtiger' (or base or Vtiger), lang: pl_pl
[2025-09-29 12:37:37] WARNING: cannot translate this: '16384: Using unregistered function "file_exists" in a template is deprecated and will be removed in a future release. Use Smarty::registerPlugin to explicitly register a custom modifier. in /home/bmankowski/projects/FreeYeti/vendor/smarty/smarty/libs/sysplugins/smarty_internal_templatecompilerbase.php, line 664' for module 'Vtiger' (or base or Vtiger), lang: en_us
[2025-09-29 12:37:37] WARNING: cannot translate this: '16384: Using unregistered function "file_exists" in a template is deprecated and will be removed in a future release. Use Smarty::registerPlugin to explicitly register a custom modifier. in /home/bmankowski/projects/FreeYeti/vendor/smarty/smarty/libs/sysplugins/smarty_internal_templatecompilerbase.php, line 664' for module 'Vtiger' (or base or Vtiger), lang: pl_pl
[2025-09-29 12:40:20] ERROR: Unable to load template 'file:Header.tplUsers' in 'modules/Vtiger/Header.tpl' => /home/bmankowski/projects/FreeYeti/vendor/smarty/smarty/libs/sysplugins/smarty_internal_template.php:196
[2025-09-29 12:42:21] ERROR: Unable to load template 'file:Header.tplUsers' in 'modules/Vtiger/Header.tpl' => /home/bmankowski/projects/FreeYeti/vendor/smarty/smarty/libs/sysplugins/smarty_internal_template.php:196
