[2025-09-30 10:45:05] DEBUG: [Fatal Error] Uncaught Error: Call to undefined method App\Db::getQueryBuilder() in /home/bmankowski/projects/FreeCRM/vendor/yetiforce/Db/Query.php:24
Stack trace:
#0 Command line code(10): App\Db\Query->createCommand()
#1 {main}
  thrown in /home/bmankowski/projects/FreeCRM/vendor/yetiforce/Db/Query.php on line 24 {
    "severity": 1,
    "file": "\/home\/bmankowski\/projects\/FreeCRM\/vendor\/yetiforce\/Db\/Query.php",
    "line": 24,
    "backtrace": [
        {
            "file": "\/home\/bmankowski\/projects\/FreeCRM\/include\/App\/Debugger.php",
            "line": 160,
            "function": "errorHandler",
            "class": "App\\Debugger",
            "type": "::"
        },
        {
            "function": "shutdownHandler",
            "class": "App\\Debugger",
            "type": "::"
        }
    ]
}
[2025-09-30 10:45:27] DEBUG: [Fatal Error] Uncaught Error: Call to undefined method App\Db::getConfig() in Command line code:13
Stack trace:
#0 {main}
  thrown in Command line code on line 13 {
    "severity": 1,
    "file": "Command line code",
    "line": 13,
    "backtrace": [
        {
            "file": "\/home\/bmankowski\/projects\/FreeCRM\/include\/App\/Debugger.php",
            "line": 160,
            "function": "errorHandler",
            "class": "App\\Debugger",
            "type": "::"
        },
        {
            "function": "shutdownHandler",
            "class": "App\\Debugger",
            "type": "::"
        }
    ]
}
[2025-09-30 10:45:41] DEBUG: [Fatal Error] Uncaught Error: Call to undefined method App\Db::getIsActive() in Command line code:11
Stack trace:
#0 {main}
  thrown in Command line code on line 11 {
    "severity": 1,
    "file": "Command line code",
    "line": 11,
    "backtrace": [
        {
            "file": "\/home\/bmankowski\/projects\/FreeCRM\/include\/App\/Debugger.php",
            "line": 160,
            "function": "errorHandler",
            "class": "App\\Debugger",
            "type": "::"
        },
        {
            "function": "shutdownHandler",
            "class": "App\\Debugger",
            "type": "::"
        }
    ]
}
