=== Batch Module Migration ===
Total modules to process: 82

----------------------------------------
Processing: Announcements
----------------------------------------
→ Copying module...
→ Applying fixes...
→ Validating...
[0;32m✓ Migration successful[0m
=== Batch Module Migration ===
Total modules to process: 82

----------------------------------------
Processing: Announcements
----------------------------------------
[1;33m⊘ Already migrated, skipping[0m
----------------------------------------
Processing: Rss
----------------------------------------
→ Copying module...
→ Applying fixes...
→ Validating...
[1;33m⚠ Validation passed with 1 minor errors[0m

----------------------------------------
Processing: ModComments
----------------------------------------
[1;33m⊘ Already migrated, skipping[0m
----------------------------------------
Processing: Notification
----------------------------------------
→ Copying module...
→ Applying fixes...
→ Validating...
[1;33m⚠ Validation passed with 3 minor errors[0m

----------------------------------------
Processing: Password
----------------------------------------
→ Copying module...
→ Applying fixes...
→ Validating...
[0;32m✓ Migration successful[0m

----------------------------------------
Processing: Contacts
----------------------------------------
→ Copying module...
→ Applying fixes...
→ Validating...
[0;32m✓ Migration successful[0m

----------------------------------------
Processing: Leads
----------------------------------------
→ Copying module...
→ Applying fixes...
→ Validating...
[1;33m⚠ Validation passed with 0 minor errors[0m

----------------------------------------
Processing: Accounts
----------------------------------------
→ Copying module...
→ Applying fixes...
→ Validating...
[1;33m⚠ Validation passed with 4 minor errors[0m

----------------------------------------
Processing: Calendar
----------------------------------------
→ Copying module...
→ Applying fixes...
→ Validating...
[0;31m✗ Validation failed (12 errors)[0m

----------------------------------------
Processing: Events
----------------------------------------
→ Copying module...
→ Applying fixes...
→ Validating...
[1;33m⚠ Validation passed with 2 minor errors[0m

----------------------------------------
Processing: Products
----------------------------------------
→ Copying module...
→ Applying fixes...
→ Validating...
[1;33m⚠ Validation passed with 2 minor errors[0m

----------------------------------------
Processing: Services
----------------------------------------
→ Copying module...
→ Applying fixes...
→ Validating...
[1;33m⚠ Validation passed with 2 minor errors[0m

----------------------------------------
Processing: Vendors
----------------------------------------
→ Copying module...
→ Applying fixes...
→ Validating...
[0;32m✓ Migration successful[0m

----------------------------------------
Processing: Partners
----------------------------------------
→ Copying module...
→ Applying fixes...
→ Validating...
[0;32m✓ Migration successful[0m

----------------------------------------
Processing: HelpDesk
----------------------------------------
→ Copying module...
→ Applying fixes...
→ Validating...
[1;33m⚠ Validation passed with 2 minor errors[0m

----------------------------------------
Processing: Campaigns
----------------------------------------
→ Copying module...
→ Applying fixes...
→ Validating...
[0;32m✓ Migration successful[0m

----------------------------------------
Processing: Documents
----------------------------------------
→ Copying module...
→ Applying fixes...
→ Validating...
[0;32m✓ Migration successful[0m

----------------------------------------
Processing: Faq
----------------------------------------
→ Copying module...
→ Applying fixes...
→ Validating...
[0;32m✓ Migration successful[0m

----------------------------------------
Processing: KnowledgeBase
----------------------------------------
→ Copying module...
→ Applying fixes...
→ Validating...
[0;32m✓ Migration successful[0m

----------------------------------------
Processing: Ideas
----------------------------------------
→ Copying module...
→ Applying fixes...
→ Validating...
[0;32m✓ Migration successful[0m

----------------------------------------
Processing: Assets
----------------------------------------
→ Copying module...
→ Applying fixes...
→ Validating...
[1;33m⚠ Validation passed with 1 minor errors[0m

----------------------------------------
Processing: OSSMail
----------------------------------------
→ Copying module...
→ Applying fixes...
→ Validating...
[1;33m⚠ Validation passed with 1 minor errors[0m

----------------------------------------
Processing: OSSMailView
----------------------------------------
→ Copying module...
→ Applying fixes...
→ Validating...
[1;33m⚠ Validation passed with 6 minor errors[0m

----------------------------------------
Processing: OSSMailScanner
----------------------------------------
→ Copying module...
→ Applying fixes...
→ Validating...
[0;31m✗ Validation failed (18 errors)[0m

----------------------------------------
Processing: OSSTimeControl
----------------------------------------
→ Copying module...
→ Applying fixes...
→ Validating...
[1;33m⚠ Validation passed with 4 minor errors[0m

----------------------------------------
Processing: OSSPasswords
----------------------------------------
→ Copying module...
→ Applying fixes...
→ Validating...
[1;33m⚠ Validation passed with 3 minor errors[0m

----------------------------------------
Processing: OSSEmployees
----------------------------------------
→ Copying module...
→ Applying fixes...
→ Validating...
[0;32m✓ Migration successful[0m

----------------------------------------
Processing: OSSSoldServices
----------------------------------------
→ Copying module...
→ Applying fixes...
→ Validating...
[1;33m⚠ Validation passed with 1 minor errors[0m

----------------------------------------
Processing: OSSOutsourcedServices
----------------------------------------
→ Copying module...
→ Applying fixes...
→ Validating...
[0;32m✓ Migration successful[0m

----------------------------------------
Processing: PriceBooks
----------------------------------------
→ Copying module...
→ Applying fixes...
→ Validating...
[0;32m✓ Migration successful[0m

----------------------------------------
Processing: PaymentsIn
----------------------------------------
→ Copying module...
→ Applying fixes...
→ Validating...
[0;31m✗ Validation failed (20 errors)[0m

----------------------------------------
Processing: PaymentsOut
----------------------------------------
→ Copying module...
→ Applying fixes...
→ Validating...
[1;33m⚠ Validation passed with 5 minor errors[0m

----------------------------------------
Processing: Project
----------------------------------------
→ Copying module...
→ Applying fixes...
→ Validating...
[1;33m⚠ Validation passed with 1 minor errors[0m

----------------------------------------
Processing: ProjectMilestone
----------------------------------------
→ Copying module...
→ Applying fixes...
→ Validating...
[0;32m✓ Migration successful[0m

----------------------------------------
Processing: ProjectTask
----------------------------------------
→ Copying module...
→ Applying fixes...
→ Validating...
[1;33m⚠ Validation passed with 1 minor errors[0m

----------------------------------------
Processing: ServiceContracts
----------------------------------------
→ Copying module...
→ Applying fixes...
→ Validating...
[1;33m⚠ Validation passed with 1 minor errors[0m

----------------------------------------
Processing: OutsourcedProducts
----------------------------------------
→ Copying module...
→ Applying fixes...
→ Validating...
[0;32m✓ Migration successful[0m

----------------------------------------
Processing: Reservations
----------------------------------------
→ Copying module...
→ Applying fixes...
→ Validating...
[1;33m⚠ Validation passed with 1 minor errors[0m

----------------------------------------
Processing: FInvoice
----------------------------------------
→ Copying module...
→ Applying fixes...
→ Validating...
[0;32m✓ Migration successful[0m

----------------------------------------
Processing: FInvoiceProforma
----------------------------------------
→ Copying module...
→ Applying fixes...
→ Validating...
[0;32m✓ Migration successful[0m

----------------------------------------
Processing: FInvoiceCost
----------------------------------------
→ Copying module...
→ Applying fixes...
→ Validating...
[0;32m✓ Migration successful[0m

----------------------------------------
Processing: FBookkeeping
----------------------------------------
→ Copying module...
→ Applying fixes...
→ Validating...
[0;32m✓ Migration successful[0m

----------------------------------------
Processing: FCorectingInvoice
----------------------------------------
→ Copying module...
→ Applying fixes...
→ Validating...
[0;32m✓ Migration successful[0m

----------------------------------------
Processing: IStorages
----------------------------------------
→ Copying module...
→ Applying fixes...
→ Validating...
[1;33m⚠ Validation passed with 6 minor errors[0m

----------------------------------------
Processing: IGRN
----------------------------------------
→ Copying module...
→ Applying fixes...
→ Validating...
[0;32m✓ Migration successful[0m

----------------------------------------
Processing: IGDN
----------------------------------------
→ Copying module...
→ Applying fixes...
→ Validating...
[0;32m✓ Migration successful[0m

----------------------------------------
Processing: IGIN
----------------------------------------
→ Copying module...
→ Applying fixes...
→ Validating...
[0;32m✓ Migration successful[0m

----------------------------------------
Processing: IGRNC
----------------------------------------
→ Copying module...
→ Applying fixes...
→ Validating...
[0;32m✓ Migration successful[0m

----------------------------------------
Processing: IGDNC
----------------------------------------
→ Copying module...
→ Applying fixes...
→ Validating...
[0;32m✓ Migration successful[0m

----------------------------------------
Processing: IIDN
----------------------------------------
→ Copying module...
→ Applying fixes...
→ Validating...
[0;32m✓ Migration successful[0m

----------------------------------------
Processing: ISTRN
----------------------------------------
→ Copying module...
→ Applying fixes...
→ Validating...
[0;32m✓ Migration successful[0m

----------------------------------------
Processing: ISTDN
----------------------------------------
→ Copying module...
→ Applying fixes...
→ Validating...
[0;32m✓ Migration successful[0m

----------------------------------------
Processing: ISTN
----------------------------------------
→ Copying module...
→ Applying fixes...
→ Validating...
[0;32m✓ Migration successful[0m

----------------------------------------
Processing: IPreOrder
----------------------------------------
→ Copying module...
→ Applying fixes...
→ Validating...
[0;32m✓ Migration successful[0m

----------------------------------------
Processing: SQuotes
----------------------------------------
→ Copying module...
→ Applying fixes...
→ Validating...
[0;32m✓ Migration successful[0m

----------------------------------------
Processing: SQuoteEnquiries
----------------------------------------
→ Copying module...
→ Applying fixes...
→ Validating...
[0;32m✓ Migration successful[0m

----------------------------------------
Processing: SSalesProcesses
----------------------------------------
→ Copying module...
→ Applying fixes...
→ Validating...
[0;32m✓ Migration successful[0m

----------------------------------------
Processing: SSingleOrders
----------------------------------------
→ Copying module...
→ Applying fixes...
→ Validating...
[0;32m✓ Migration successful[0m

----------------------------------------
Processing: SRecurringOrders
----------------------------------------
→ Copying module...
→ Applying fixes...
→ Validating...
[0;32m✓ Migration successful[0m

----------------------------------------
Processing: SRequirementsCards
----------------------------------------
→ Copying module...
→ Applying fixes...
→ Validating...
[0;32m✓ Migration successful[0m

----------------------------------------
Processing: SCalculations
----------------------------------------
→ Copying module...
→ Applying fixes...
→ Validating...
[0;32m✓ Migration successful[0m

----------------------------------------
Processing: SVendorEnquiries
----------------------------------------
→ Copying module...
→ Applying fixes...
→ Validating...
[0;32m✓ Migration successful[0m

----------------------------------------
Processing: Competition
----------------------------------------
→ Copying module...
→ Applying fixes...
→ Validating...
[0;32m✓ Migration successful[0m

----------------------------------------
Processing: CFixedAssets
----------------------------------------
→ Copying module...
→ Applying fixes...
→ Validating...
[0;32m✓ Migration successful[0m

----------------------------------------
Processing: CMileageLogbook
----------------------------------------
→ Copying module...
→ Applying fixes...
→ Validating...
[0;32m✓ Migration successful[0m

----------------------------------------
Processing: CInternalTickets
----------------------------------------
→ Copying module...
→ Applying fixes...
→ Validating...
[0;32m✓ Migration successful[0m

----------------------------------------
Processing: HolidaysEntitlement
----------------------------------------
→ Copying module...
→ Applying fixes...
→ Validating...
[0;32m✓ Migration successful[0m

----------------------------------------
Processing: LettersIn
----------------------------------------
→ Copying module...
→ Applying fixes...
→ Validating...
[0;32m✓ Migration successful[0m

----------------------------------------
Processing: LettersOut
----------------------------------------
→ Copying module...
→ Applying fixes...
→ Validating...
[0;32m✓ Migration successful[0m

----------------------------------------
Processing: Reports
----------------------------------------
→ Copying module...
→ Applying fixes...
→ Validating...
[1;33m⚠ Validation passed with 6 minor errors[0m

----------------------------------------
Processing: RecycleBin
----------------------------------------
→ Copying module...
→ Applying fixes...
→ Validating...
[1;33m⚠ Validation passed with 1 minor errors[0m

----------------------------------------
Processing: ModTracker
----------------------------------------
→ Copying module...
→ Applying fixes...
→ Validating...
[1;33m⚠ Validation passed with 2 minor errors[0m

----------------------------------------
Processing: PBXManager
----------------------------------------
→ Copying module...
→ Applying fixes...
→ Validating...
[1;33m⚠ Validation passed with 4 minor errors[0m

----------------------------------------
Processing: CallHistory
----------------------------------------
→ Copying module...
→ Applying fixes...
→ Validating...
[0;32m✓ Migration successful[0m

----------------------------------------
Processing: SMSNotifier
----------------------------------------
→ Copying module...
→ Applying fixes...
→ Validating...
[1;33m⚠ Validation passed with 3 minor errors[0m

----------------------------------------
Processing: EmailTemplates
----------------------------------------
→ Copying module...
→ Applying fixes...
→ Validating...
[0;32m✓ Migration successful[0m

----------------------------------------
Processing: OpenStreetMap
----------------------------------------
→ Copying module...
→ Applying fixes...
→ Validating...
[1;33m⚠ Validation passed with 3 minor errors[0m

----------------------------------------
Processing: AJAXChat
----------------------------------------
→ Copying module...
→ Applying fixes...
→ Validating...
[1;33m⚠ Validation passed with 1 minor errors[0m

----------------------------------------
Processing: API
----------------------------------------
→ Copying module...
→ Applying fixes...
→ Validating...
[1;33m⚠ Validation passed with 4 minor errors[0m

----------------------------------------
Processing: ApiAddress
----------------------------------------
→ Copying module...
→ Applying fixes...
→ Validating...
[0;32m✓ Migration successful[0m

----------------------------------------
Processing: PickList
----------------------------------------
→ Copying module...
→ Applying fixes...
→ Validating...
[1;33m⚠ Validation passed with 2 minor errors[0m

----------------------------------------
Processing: Portal
----------------------------------------
→ Copying module...
→ Applying fixes...
→ Validating...
[1;33m⚠ Validation passed with 1 minor errors[0m

========================================
=== Batch Migration Complete ===
========================================
[0;32mSuccessful: 77[0m
[1;33mSkipped: 2[0m
[0;31mFailed: 3[0m
========================================
